生成启动时间为 2018/6/26/周二 22:21:15。
     1>项目“F:\2018数据结构课设\123\123\123.vcxproj”在节点 2 上(build 个目标)。
     1>InitializeBuildStatus:
         正在创建“Debug\123.unsuccessfulbuild”，因为已指定“AlwaysCreate”。
       ClCompile:
         C:\Program Files (x86)\Microsoft Visual Studio 10.0\VC\bin\CL.exe /c /ZI /nologo /W3 /WX- /Od /Oy- /D WIN32 /D _DEBUG /D _CONSOLE /D _UNICODE /D UNICODE /Gm /EHsc /RTC1 /MDd /GS /fp:precise /Zc:wchar_t /Zc:forScope /Fo"Debug\\" /Fd"Debug\vc100.pdb" /Gd /TP /analyze- /errorReport:prompt 0.cpp
         0.cpp
       ManifestResourceCompile:
         C:\Program Files (x86)\Microsoft SDKs\Windows\v7.0A\bin\rc.exe /nologo /fo"Debug\123.exe.embed.manifest.res" Debug\123_manifest.rc 
       Link:
         C:\Program Files (x86)\Microsoft Visual Studio 10.0\VC\bin\link.exe /ERRORREPORT:PROMPT /OUT:"F:\2018数据结构课设\123\Debug\123.exe" /INCREMENTAL /NOLOGO kernel32.lib user32.lib gdi32.lib winspool.lib comdlg32.lib advapi32.lib shell32.lib ole32.lib oleaut32.lib uuid.lib odbc32.lib odbccp32.lib /MANIFEST /ManifestFile:"Debug\123.exe.intermediate.manifest" /MANIFESTUAC:"level='asInvoker' uiAccess='false'" /DEBUG /PDB:"F:\2018数据结构课设\123\Debug\123.pdb" /SUBSYSTEM:CONSOLE /TLBID:1 /DYNAMICBASE /NXCOMPAT /IMPLIB:"F:\2018数据结构课设\123\Debug\123.lib" /MACHINE:X86 Debug\123.exe.embed.manifest.res
         Debug\0.obj
         LINK : 没有找到 F:\2018数据结构课设\123\Debug\123.exe 或上一个增量链接没有生成它；正在执行完全链接
       Manifest:
         C:\Program Files (x86)\Microsoft SDKs\Windows\v7.0A\bin\mt.exe /nologo /verbose /out:"Debug\123.exe.embed.manifest" /manifest Debug\123.exe.intermediate.manifest
         所有输出均为最新。
       LinkEmbedManifest:
         所有输出均为最新。
         123.vcxproj -> F:\2018数据结构课设\123\Debug\123.exe
       FinalizeBuildStatus:
         正在删除文件“Debug\123.unsuccessfulbuild”。
         正在对“Debug\123.lastbuildstate”执行 Touch 任务。
     1>已完成生成项目“F:\2018数据结构课设\123\123\123.vcxproj”(build 个目标)的操作。

生成成功。

已用时间 00:00:14.83
